<?xml version="1.0" encoding="UTF-8"?>
<testsuite name="com.test.runner.LoginPageTest" tests="3" skipped="0" failures="0" errors="0" timestamp="2024-03-28T08:54:33" hostname="RK-ST-LP" time="15.279">
  <properties/>
  <testcase name="loginPageTitleTest" classname="com.test.runner.LoginPageTest" time="2.091"/>
  <testcase name="logInPageDisplayed" classname="com.test.runner.LoginPageTest" time="0.066"/>
  <testcase name="loginTest" classname="com.test.runner.LoginPageTest" time="3.844"/>
  <system-out><![CDATA[]]></system-out>
  <system-err><![CDATA[SLF4J(W): No SLF4J providers were found.
SLF4J(W): Defaulting to no-operation (NOP) logger implementation
SLF4J(W): See https://www.slf4j.org/codes.html#noProviders for further details.
Starting ChromeDriver 123.0.6312.86 (9b72c47a053648d405376c5cf07999ed626728da-refs/branch-heads/6312@{#698}) on port 18656
Only local connections are allowed.
Please see https://chromedriver.chromium.org/security-considerations for suggestions on keeping ChromeDriver safe.
ChromeDriver was started successfully.
Mar 28, 2024 2:54:30 PM org.openqa.selenium.remote.ProtocolHandshake createSession
INFO: Detected dialect: W3C
]]></system-err>
</testsuite>
